==========================================
SLURM_CLUSTER_NAME = parampravega
SLURM_ARRAY_JOB_ID = 
SLURM_ARRAY_TASK_ID = 
SLURM_ARRAY_TASK_COUNT = 
SLURM_ARRAY_TASK_MAX = 
SLURM_ARRAY_TASK_MIN = 
SLURM_JOB_ACCOUNT = cdsphani_nsm
SLURM_JOB_ID = 380827
SLURM_JOB_NAME = PdNiP
SLURM_JOB_NODELIST = cn[183,299]
SLURM_JOB_USER = cdsphani
SLURM_JOB_UID = 17785
SLURM_JOB_PARTITION = small
SLURM_TASK_PID = 9163
SLURM_SUBMIT_DIR = /scratch/cdsphani/BMG_Vit_data/Latest_shear_3
SLURM_CPUS_ON_NODE = 48
SLURM_NTASKS = 96
SLURM_TASK_PID = 9163
==========================================
Number of Nodes Allocated      = 2
Number of Tasks Allocated      = 96
Number of Cores/Task Allocated = 
CPU on node  = 48
